<?xml version="1.0" encoding="UTF-8"?>
<!-- Generated by org.testng.reporters.JUnitReportReporter -->
<testsuite hostname="SwatiP" failures="0" tests="3" name="testrunner.MyTestRunner" time="14.072" errors="0" timestamp="2022-09-25T17:00:08 EDT" skipped="0">
  <testcase classname="testrunner.MyTestRunner" name="runScenario" time="4.277"/>
  <system-out/>
  <testcase classname="testrunner.MyTestRunner" name="runScenario" time="4.051"/>
  <system-out/>
  <testcase classname="testrunner.MyTestRunner" name="runScenario" time="5.744"/>
  <system-out/>
</testsuite> <!-- testrunner.MyTestRunner -->
